<?xml version="1.0" encoding="UTF-8"?>
<!-- Generated by org.testng.reporters.JUnitReportReporter -->
<testsuite skipped="0" hostname="DESKTOP-P9JO6DF" name="Interview.Program2" tests="5" failures="0" timestamp="16 Jan 2022 15:46:46 GMT" time="0.015" errors="0">
  <testcase name="m2" time="0.007" classname="Interview.Program2"/>
  <testcase name="m1" time="0.002" classname="Interview.Program2"/>
  <testcase name="m5" time="0.003" classname="Interview.Program2"/>
  <testcase name="m3" time="0.002" classname="Interview.Program2"/>
  <testcase name="m4" time="0.001" classname="Interview.Program2"/>
</testsuite> <!-- Interview.Program2 -->
