<?xml version="1.0" encoding="UTF-8"?>
<!-- Generated by org.testng.reporters.JUnitReportReporter -->
<testsuite hostname="DESKTOP-P9JO6DF" name="programs.Login" tests="5" failures="0" timestamp="26 Oct 2020 05:57:47 GMT" time="0.013" errors="0">
  <testcase name="m2" time="0.009" classname="programs.Login"/>
  <testcase name="m4" time="0.002" classname="programs.Login"/>
  <testcase name="m3" time="0.000" classname="programs.Login"/>
  <testcase name="m5" time="0.001" classname="programs.Login"/>
  <testcase name="m1" time="0.001" classname="programs.Login"/>
</testsuite> <!-- programs.Login -->
